INFO: [VRFC 10-2263] Analyzing Verilog file "C:/minisys1/minisys1.sim/sim_1/synth/timing/xsim/minisys_sim_time_synth.v" into library xil_defaultlib
INFO: [VRFC 10-311] analyzing module Ifetc32
INFO: [VRFC 10-311] analyzing module cpuclk
INFO: [VRFC 10-311] analyzing module cpuclk_cpuclk_clk_wiz
INFO: [VRFC 10-311] analyzing module dmemory32
INFO: [VRFC 10-311] analyzing module minisys
INFO: [VRFC 10-311] analyzing module prgrom
INFO: [VRFC 10-311] analyzing module ram
INFO: [VRFC 10-311] analyzing module prgrom__bindec
INFO: [VRFC 10-311] analyzing module prgrom__blk_mem_gen_generic_cstr
INFO: [VRFC 10-311] analyzing module prgrom__blk_mem_gen_mux
INFO: [VRFC 10-311] analyzing module prgrom__blk_mem_gen_prim_width
INFO: [VRFC 10-311] analyzing module prgrom__blk_mem_gen_prim_width__parameterized0
INFO: [VRFC 10-311] analyzing module prgrom__blk_mem_gen_prim_width__parameterized1
INFO: [VRFC 10-311] analyzing module prgrom__blk_mem_gen_prim_width__parameterized10
INFO: [VRFC 10-311] analyzing module prgrom__blk_mem_gen_prim_width__parameterized11
INFO: [VRFC 10-311] analyzing module prgrom__blk_mem_gen_prim_width__parameterized12
INFO: [VRFC 10-311] analyzing module prgrom__blk_mem_gen_prim_width__parameterized13
INFO: [VRFC 10-311] analyzing module prgrom__blk_mem_gen_prim_width__parameterized2
INFO: [VRFC 10-311] analyzing module prgrom__blk_mem_gen_prim_width__parameterized3
INFO: [VRFC 10-311] analyzing module prgrom__blk_mem_gen_prim_width__parameterized4
INFO: [VRFC 10-311] analyzing module prgrom__blk_mem_gen_prim_width__parameterized5
INFO: [VRFC 10-311] analyzing module prgrom__blk_mem_gen_prim_width__parameterized6
INFO: [VRFC 10-311] analyzing module prgrom__blk_mem_gen_prim_width__parameterized7
INFO: [VRFC 10-311] analyzing module prgrom__blk_mem_gen_prim_width__parameterized8
INFO: [VRFC 10-311] analyzing module prgrom__blk_mem_gen_prim_width__parameterized9
INFO: [VRFC 10-311] analyzing module prgrom__blk_mem_gen_prim_wrapper_init
INFO: [VRFC 10-311] analyzing module prgrom__blk_mem_gen_prim_wrapper_init__parameterized0
INFO: [VRFC 10-311] analyzing module prgrom__blk_mem_gen_prim_wrapper_init__parameterized1
INFO: [VRFC 10-311] analyzing module prgrom__blk_mem_gen_prim_wrapper_init__parameterized10
INFO: [VRFC 10-311] analyzing module prgrom__blk_mem_gen_prim_wrapper_init__parameterized11
INFO: [VRFC 10-311] analyzing module prgrom__blk_mem_gen_prim_wrapper_init__parameterized12
INFO: [VRFC 10-311] analyzing module prgrom__blk_mem_gen_prim_wrapper_init__parameterized13
INFO: [VRFC 10-311] analyzing module prgrom__blk_mem_gen_prim_wrapper_init__parameterized2
INFO: [VRFC 10-311] analyzing module prgrom__blk_mem_gen_prim_wrapper_init__parameterized3
INFO: [VRFC 10-311] analyzing module prgrom__blk_mem_gen_prim_wrapper_init__parameterized4
INFO: [VRFC 10-311] analyzing module prgrom__blk_mem_gen_prim_wrapper_init__parameterized5
INFO: [VRFC 10-311] analyzing module prgrom__blk_mem_gen_prim_wrapper_init__parameterized6
INFO: [VRFC 10-311] analyzing module prgrom__blk_mem_gen_prim_wrapper_init__parameterized7
INFO: [VRFC 10-311] analyzing module prgrom__blk_mem_gen_prim_wrapper_init__parameterized8
INFO: [VRFC 10-311] analyzing module prgrom__blk_mem_gen_prim_wrapper_init__parameterized9
INFO: [VRFC 10-311] analyzing module prgrom__blk_mem_gen_top
INFO: [VRFC 10-311] analyzing module prgrom__blk_mem_gen_v8_4_2
INFO: [VRFC 10-311] analyzing module prgrom__blk_mem_gen_v8_4_2_synth
INFO: [VRFC 10-311] analyzing module ram_bindec
INFO: [VRFC 10-311] analyzing module ram_blk_mem_gen_generic_cstr
INFO: [VRFC 10-311] analyzing module ram_blk_mem_gen_mux
INFO: [VRFC 10-311] analyzing module ram_blk_mem_gen_prim_width
INFO: [VRFC 10-311] analyzing module ram_blk_mem_gen_prim_width__parameterized0
INFO: [VRFC 10-311] analyzing module ram_blk_mem_gen_prim_width__parameterized1
INFO: [VRFC 10-311] analyzing module ram_blk_mem_gen_prim_width__parameterized10
INFO: [VRFC 10-311] analyzing module ram_blk_mem_gen_prim_width__parameterized11
INFO: [VRFC 10-311] analyzing module ram_blk_mem_gen_prim_width__parameterized12
INFO: [VRFC 10-311] analyzing module ram_blk_mem_gen_prim_width__parameterized13
INFO: [VRFC 10-311] analyzing module ram_blk_mem_gen_prim_width__parameterized2
INFO: [VRFC 10-311] analyzing module ram_blk_mem_gen_prim_width__parameterized3
INFO: [VRFC 10-311] analyzing module ram_blk_mem_gen_prim_width__parameterized4
INFO: [VRFC 10-311] analyzing module ram_blk_mem_gen_prim_width__parameterized5
INFO: [VRFC 10-311] analyzing module ram_blk_mem_gen_prim_width__parameterized6
INFO: [VRFC 10-311] analyzing module ram_blk_mem_gen_prim_width__parameterized7
INFO: [VRFC 10-311] analyzing module ram_blk_mem_gen_prim_width__parameterized8
INFO: [VRFC 10-311] analyzing module ram_blk_mem_gen_prim_width__parameterized9
INFO: [VRFC 10-311] analyzing module ram_blk_mem_gen_prim_wrapper_init
INFO: [VRFC 10-311] analyzing module ram_blk_mem_gen_prim_wrapper_init__parameterized0
INFO: [VRFC 10-311] analyzing module ram_blk_mem_gen_prim_wrapper_init__parameterized1
INFO: [VRFC 10-311] analyzing module ram_blk_mem_gen_prim_wrapper_init__parameterized10
INFO: [VRFC 10-311] analyzing module ram_blk_mem_gen_prim_wrapper_init__parameterized11
INFO: [VRFC 10-311] analyzing module ram_blk_mem_gen_prim_wrapper_init__parameterized12
INFO: [VRFC 10-311] analyzing module ram_blk_mem_gen_prim_wrapper_init__parameterized13
INFO: [VRFC 10-311] analyzing module ram_blk_mem_gen_prim_wrapper_init__parameterized2
INFO: [VRFC 10-311] analyzing module ram_blk_mem_gen_prim_wrapper_init__parameterized3
INFO: [VRFC 10-311] analyzing module ram_blk_mem_gen_prim_wrapper_init__parameterized4
INFO: [VRFC 10-311] analyzing module ram_blk_mem_gen_prim_wrapper_init__parameterized5
INFO: [VRFC 10-311] analyzing module ram_blk_mem_gen_prim_wrapper_init__parameterized6
INFO: [VRFC 10-311] analyzing module ram_blk_mem_gen_prim_wrapper_init__parameterized7
INFO: [VRFC 10-311] analyzing module ram_blk_mem_gen_prim_wrapper_init__parameterized8
INFO: [VRFC 10-311] analyzing module ram_blk_mem_gen_prim_wrapper_init__parameterized9
INFO: [VRFC 10-311] analyzing module ram_blk_mem_gen_top
INFO: [VRFC 10-311] analyzing module ram_blk_mem_gen_v8_4_2
INFO: [VRFC 10-311] analyzing module ram_blk_mem_gen_v8_4_2_synth
INFO: [VRFC 10-311] analyzing module glbl
INFO: [VRFC 10-2263] Analyzing Verilog file "C:/minisys1_classfiles/minisys/sim/minisys_sim.v" into library xil_defaultlib
INFO: [VRFC 10-311] analyzing module minisys_sim
