#-----------------------------------------------------------
# Vivado v2018.3 (64-bit)
# SW Build 2405991 on Thu Dec  6 23:38:27 MST 2018
# IP Build 2404404 on Fri Dec  7 01:43:56 MST 2018
# Start of session at: Wed Jan  6 16:20:53 2021
# Process ID: 15468
# Current directory: E:/CCDCS/hardware/pipelineProcessor/minisys1_1
# Command line: vivado.exe -gui_launcher_event rodinguilauncherevent12432 E:\CCDCS\hardware\pipelineProcessor\minisys1_1\minisys1_1.xpr
# Log file: E:/CCDCS/hardware/pipelineProcessor/minisys1_1/vivado.log
# Journal file: E:/CCDCS/hardware/pipelineProcessor/minisys1_1\vivado.jou
#-----------------------------------------------------------
start_gui
open_project E:/CCDCS/hardware/pipelineProcessor/minisys1_1/minisys1_1.xpr
INFO: [Project 1-313] Project file moved from 'C:/minisys1A1/minisys1_1' since last save.
CRITICAL WARNING: [Project 1-311] Could not find the file 'E:/minisys1_1_classfiles/minisys/sim/control32_sim.v', nor could it be found using path 'C:/../../minisys1_1_classfiles/minisys/sim/control32_sim.v'.
CRITICAL WARNING: [Project 1-311] Could not find the file 'E:/minisys1_1_classfiles/minisys/sim/minisys_sim.v', nor could it be found using path 'C:/../../minisys1_1_classfiles/minisys/sim/minisys_sim.v'.
CRITICAL WARNING: [Project 1-311] Could not find the file 'E:/minisys1_1_classfiles/minisys/sim/idcode32_sim.v', nor could it be found using path 'C:/../../minisys1_1_classfiles/minisys/sim/idcode32_sim.v'.
CRITICAL WARNING: [Project 1-311] Could not find the file 'E:/minisys1_1_classfiles/minisys/sim/exe_sim.v', nor could it be found using path 'C:/../../minisys1_1_classfiles/minisys/sim/exe_sim.v'.
CRITICAL WARNING: [Project 1-311] Could not find the file 'E:/minisys1_1_classfiles/minisys/sim/ifetc32_sim.v', nor could it be found using path 'C:/../../minisys1_1_classfiles/minisys/sim/ifetc32_sim.v'.
CRITICAL WARNING: [Project 1-311] Could not find the file 'E:/CCDCS/hardware/team_soc/minisys1_1/minisys1_1.srcs/sources/multu/multu.xci', nor could it be found using path 'C:/team_soc/minisys1_1/minisys1_1.srcs/sources/multu/multu.xci'.
CRITICAL WARNING: [Project 1-311] Could not find the file 'E:/CCDCS/hardware/team_soc/minisys1_1/minisys1_1.srcs/sources/mult/mult.xci', nor could it be found using path 'C:/team_soc/minisys1_1/minisys1_1.srcs/sources/mult/mult.xci'.
CRITICAL WARNING: [Project 1-311] Could not find the file 'E:/CCDCS/hardware/team_soc/minisys1_1/minisys1_1.srcs/sources/divu/divu.xci', nor could it be found using path 'C:/team_soc/minisys1_1/minisys1_1.srcs/sources/divu/divu.xci'.
CRITICAL WARNING: [Project 1-311] Could not find the file 'E:/CCDCS/hardware/team_soc/minisys1_1/minisys1_1.srcs/sources/div/div.xci', nor could it be found using path 'C:/team_soc/minisys1_1/minisys1_1.srcs/sources/div/div.xci'.
Scanning sources...
Finished scanning sources
WARNING: [filemgmt 56-2] IP Repository Path: Could not find the directory 'E:/sysclassfiles/orgnizationtrain/minisys/IP/SEU_CSE_507_user_uart_bmpg_1.3', nor could it be found using path 'C:/../../sysclassfiles/orgnizationtrain/minisys/IP/SEU_CSE_507_user_uart_bmpg_1.3'.
INFO: [IP_Flow 19-234] Refreshing IP repositories
WARNING: [IP_Flow 19-2248] Failed to load user IP repository 'e:/sysclassfiles/orgnizationtrain/minisys/IP/SEU_CSE_507_user_uart_bmpg_1.3'; Can't find the specified path.
If this directory should no longer be in your list of user repositories, go to the IP Settings dialog and remove it.
INFO: [IP_Flow 19-2313] Loaded Vivado IP repository 'E:/Vivado2018/Vivado/2018.3/data/ip'.
WARNING: [IP_Flow 19-2162] IP 'uart_bmpg_0' is locked:
* IP definition 'uart_bmpg (1.3)' for IP 'uart_bmpg_0' (customized with software release 2018.3) was not found in the IP Catalog.
Please select 'Report IP Status' from the 'Tools/Report' menu or run Tcl command 'report_ip_status' for more information.
ERROR: [IP_Flow 19-993] Could not find IP file for IP 'multu'.
CRITICAL WARNING: [IP_Flow 19-5097] Unable to determine VLNV from IP file; verify it has the correct syntax: 
ERROR: [IP_Flow 19-993] Could not find IP file for IP 'mult'.
CRITICAL WARNING: [IP_Flow 19-5097] Unable to determine VLNV from IP file; verify it has the correct syntax: 
ERROR: [IP_Flow 19-993] Could not find IP file for IP 'divu'.
CRITICAL WARNING: [IP_Flow 19-5097] Unable to determine VLNV from IP file; verify it has the correct syntax: 
ERROR: [IP_Flow 19-993] Could not find IP file for IP 'div'.
CRITICAL WARNING: [IP_Flow 19-5097] Unable to determine VLNV from IP file; verify it has the correct syntax: 
open_project: Time (s): cpu = 00:00:27 ; elapsed = 00:00:15 . Memory (MB): peak = 779.746 ; gain = 175.758
ERROR: [Common 17-39] 'open_project' failed due to earlier errors.
update_compile_order -fileset sources_1
update_compile_order -fileset sim_1
update_compile_order -fileset sim_1
exit
INFO: [Common 17-206] Exiting Vivado at Wed Jan  6 16:22:24 2021...
